rm 'mysql/2022-08-11-rmtest.sql.tar.gz'
rm 'mysql/2022-08-12-rmtest.sql.tar.gz'
rm 'mysql/2022-08-13-rmtest.sql.tar.gz'
rm 'mysql/2022-08-14-rmtest.sql.tar.gz'
rm 'mysql/2022-08-15-rmtest.sql.tar.gz'
rm 'mysql/2022-08-16-rmtest.sql.tar.gz'
rm 'mysql/2022-08-17-rmtest.sql.tar.gz'
[master abae06e] DB's Backup & Remove Old
 12 files changed, 0 insertions(+), 0 deletions(-)
 delete mode 100644 mysql/2022-08-11-rmtest.sql.tar.gz
 delete mode 100644 mysql/2022-08-12-rmtest.sql.tar.gz
 delete mode 100644 mysql/2022-08-13-rmtest.sql.tar.gz
 delete mode 100644 mysql/2022-08-14-rmtest.sql.tar.gz
 delete mode 100644 mysql/2022-08-15-rmtest.sql.tar.gz
 delete mode 100644 mysql/2022-08-16-rmtest.sql.tar.gz
 delete mode 100644 mysql/2022-08-17-rmtest.sql.tar.gz
 rewrite mysql/2022-10-17-Airports.sql.tar.gz (100%)
 rewrite mysql/2022-10-17-databas.sql.tar.gz (100%)
 rewrite mysql/2022-10-17-mysql_db.sql.tar.gz (100%)
 rewrite mysql/2022-10-17-syst.sql.tar.gz (100%)
 rewrite mysql/2022-10-17-test_db.sql.tar.gz (100%)
[master e8b8a0c] DB's Backup & Remove Old
 5 files changed, 0 insertions(+), 0 deletions(-)
 rewrite mysql/2022-10-17-Airports.sql.tar.gz (100%)
 rewrite mysql/2022-10-17-databas.sql.tar.gz (97%)
 rewrite mysql/2022-10-17-mysql_db.sql.tar.gz (100%)
 rewrite mysql/2022-10-17-syst.sql.tar.gz (100%)
 rewrite mysql/2022-10-17-test_db.sql.tar.gz (100%)
[master 4dab696] DB's Backup & Remove Old
 5 files changed, 0 insertions(+), 0 deletions(-)
 rewrite mysql/2022-10-17-Airports.sql.tar.gz (100%)
 rewrite mysql/2022-10-17-databas.sql.tar.gz (100%)
 rewrite mysql/2022-10-17-mysql_db.sql.tar.gz (100%)
 rewrite mysql/2022-10-17-syst.sql.tar.gz (100%)
 rewrite mysql/2022-10-17-test_db.sql.tar.gz (98%)
[master 9f33117] DB's Backup & Remove Old
 5 files changed, 0 insertions(+), 0 deletions(-)
 rewrite mysql/2022-10-17-Airports.sql.tar.gz (100%)
 rewrite mysql/2022-10-17-databas.sql.tar.gz (100%)
 rewrite mysql/2022-10-17-mysql_db.sql.tar.gz (100%)
 rewrite mysql/2022-10-17-syst.sql.tar.gz (100%)
 rewrite mysql/2022-10-17-test_db.sql.tar.gz (100%)
rm 'mysql/2010-10-17-testrm.sql.tar.gz'
[master 1fef0bc] DB's Backup & Remove Old
 6 files changed, 0 insertions(+), 0 deletions(-)
 delete mode 100644 mysql/2010-10-17-testrm.sql.tar.gz
 create mode 100644 mysql/2022-11-08-Airports.sql.tar.gz
 create mode 100644 mysql/2022-11-08-databas.sql.tar.gz
 create mode 100644 mysql/2022-11-08-mysql_db.sql.tar.gz
 create mode 100644 mysql/2022-11-08-syst.sql.tar.gz
 create mode 100644 mysql/2022-11-08-test_db.sql.tar.gz
rm 'mysql/2010-10-17-Airports.sql.tar.gz'
[master 269a819] DB's Backup & Remove Old
 7 files changed, 1 insertion(+)
 delete mode 100644 mysql/2010-10-17-Airports.sql.tar.gz
 create mode 100644 mysql/2022-11-09-Airports.sql.tar.gz
 create mode 100644 mysql/2022-11-09-databas.sql.tar.gz
 create mode 100644 mysql/2022-11-09-mysql_db.sql.tar.gz
 create mode 100644 mysql/2022-11-09-syst.sql.tar.gz
 create mode 100644 mysql/2022-11-09-test_db.sql.tar.gz
rm 'mysql/2010-11-01-test_db.sql.tar.gz'
[master 3b6a7e6] DB's Backup & Remove Old
 8 files changed, 1 insertion(+)
 delete mode 100644 mysql/2010-11-01-test_db.sql.tar.gz
 create mode 100644 mysql/2022-11-10-Airports.sql.gz
 create mode 100644 mysql/2022-11-10-databas.sql.gz
 create mode 100644 mysql/2022-11-10-mysql_db.sql.gz
 create mode 100644 mysql/2022-11-10-syst.sql.gz
 create mode 100644 mysql/2022-11-10-template_db.sql.gz
 create mode 100644 mysql/2022-11-10-test_db.sql.gz
cgi-bin/
html/
html/includes/
html/includes/db.php
html/includes/db_close.php
html/css/
html/css/main.css
html/images/
html/images/b737.jpg
html/footer.php
html/handle.php
html/header.php
html/articles.php
html/index.php
cgi-bin/
html/
html/includes/
html/includes/db.php
html/includes/db_close.php
html/css/
html/css/main.css
html/images/
html/images/b737.jpg
html/footer.php
html/handle.php
html/header.php
html/articles.php
html/index.php
rm 'mysql/2011-10-17-test_db.sql.tar.gz'
