/bin/sh: /home/a/mysql.sh: No such file or directory

**** Pushing current branch master to origin [i4h post-commit hook]

To github.com:HarrierPanels/sql.git
   aeb27bc..1fef0bc  master -> master

**** Pushing current branch master to origin [i4h post-commit hook]

To github.com:HarrierPanels/sql.git
   21009cc..269a819  master -> master

**** Pushing current branch master to origin [i4h post-commit hook]

To github.com:HarrierPanels/sql.git
   6fd9961..3b6a7e6  master -> master

**** Pushing current branch master to origin [i4h post-commit hook]

To github.com:HarrierPanels/sql.git
   f5aae19..fb99de6  master -> master
/bin/sh: /home/a/dbsbkp.sh: No such file or directory

**** Pushing current branch master to origin [i4h post-commit hook]

To github.com:HarrierPanels/sql.git
   e0985b6..e5858ac  master -> master

**** Pushing current branch master to origin [i4h post-commit hook]

To github.com:HarrierPanels/sql.git
   a45c451..036c318  master -> master

**** Pushing current branch master to origin [i4h post-commit hook]

To github.com:HarrierPanels/sql.git
   c8aa258..93923f1  master -> master

**** Pushing current branch master to origin [i4h post-commit hook]

To github.com:HarrierPanels/sql.git
   93923f1..19ec8f3  master -> master

**** Pushing current branch master to origin [i4h post-commit hook]

To github.com:HarrierPanels/sql.git
   19ec8f3..1b9b4a2  master -> master

**** Pushing current branch master to origin [i4h post-commit hook]

To github.com:HarrierPanels/sql.git
   1b9b4a2..d9085cd  master -> master

**** Pushing current branch master to origin [i4h post-commit hook]

To github.com:HarrierPanels/sql.git
   d9085cd..d00a3e5  master -> master

**** Pushing current branch master to origin [i4h post-commit hook]

To github.com:HarrierPanels/sql.git
   d00a3e5..4947e04  master -> master

**** Pushing current branch master to origin [i4h post-commit hook]

To github.com:HarrierPanels/sql.git
   4947e04..9b669c6  master -> master

**** Pushing current branch master to origin [i4h post-commit hook]

To github.com:HarrierPanels/sql.git
   9b669c6..752c139  master -> master

**** Pushing current branch master to origin [i4h post-commit hook]

To github.com:HarrierPanels/sql.git
   752c139..2b09c1f  master -> master

**** Pushing current branch master to origin [i4h post-commit hook]

To github.com:HarrierPanels/sql.git
   2b09c1f..72f692f  master -> master

**** Pushing current branch master to origin [i4h post-commit hook]

To github.com:HarrierPanels/sql.git
   72f692f..0071e80  master -> master

**** Pushing current branch master to origin [i4h post-commit hook]

To github.com:HarrierPanels/sql.git
   0071e80..6b978b1  master -> master

**** Pushing current branch master to origin [i4h post-commit hook]

To github.com:HarrierPanels/sql.git
   6b978b1..8881dd5  master -> master

**** Pushing current branch master to origin [i4h post-commit hook]

To github.com:HarrierPanels/sql.git
   8881dd5..3772f4f  master -> master

**** Pushing current branch master to origin [i4h post-commit hook]

To github.com:HarrierPanels/sql.git
   3772f4f..99d71ea  master -> master
